<?xml version="1.0" encoding="UTF-8"?>
<!-- Generated by org.testng.reporters.JUnitReportReporter -->
<testsuite hostname="DESKTOP-FB52LGM" failures="0" tests="2" name="kharchenkoAppiumLesson.eCommerce_tc_4_Hybrid" time="51.246" errors="0" timestamp="2024-04-09T16:55:20 EEST" skipped="0">
  <testcase classname="kharchenkoAppiumLesson.eCommerce_tc_4_Hybrid" name="FillForm" time="27.609"/>
  <testcase classname="kharchenkoAppiumLesson.eCommerce_tc_4_Hybrid" name="FillForm" time="23.637"/>
</testsuite> <!-- kharchenkoAppiumLesson.eCommerce_tc_4_Hybrid -->
