<?xml version="1.0" encoding="UTF-8"?>
<!-- Generated by org.testng.reporters.JUnitReportReporter -->
<testsuite hostname="DESKTOP-FB52LGM" failures="0" tests="2" name="kharchenkoAppiumLesson.eCommerce_tc_2" time="30.771" errors="0" timestamp="2024-04-09T16:19:42 EEST" skipped="0">
  <testcase classname="kharchenkoAppiumLesson.eCommerce_tc_2" name="FillForm_PositiveFlow" time="14.214"/>
  <testcase classname="kharchenkoAppiumLesson.eCommerce_tc_2" name="FillForm_ErrorValidation" time="16.557"/>
</testsuite> <!-- kharchenkoAppiumLesson.eCommerce_tc_2 -->
